<?xml version="1.0" encoding="UTF-8"?>
<!-- Generated by org.testng.reporters.JUnitReportReporter -->
<testsuite hostname="DESKTOP-HIM16RN" failures="0" tests="1" name="basics.usageOfisEnabled" time="25.298" errors="0" timestamp="2022-09-13T10:51:08 IST" skipped="0">
  <testcase classname="basics.usageOfisEnabled" name="enabled" time="25.298"/>
  <system-out/>
</testsuite> <!-- basics.usageOfisEnabled -->
