<?xml version="1.0" encoding="UTF-8"?>
<!-- Generated by org.testng.reporters.JUnitReportReporter -->
<testsuite hostname="DESKTOP-HIM16RN" failures="0" tests="1" name="basics.usageOfGetmethods" time="26.999" errors="0" timestamp="2022-09-13T10:35:59 IST" skipped="0">
  <testcase classname="basics.usageOfGetmethods" name="launch" time="26.999"/>
  <system-out/>
</testsuite> <!-- basics.usageOfGetmethods -->
