<?xml version="1.0" encoding="UTF-8"?>
<!-- Generated by org.testng.reporters.JUnitReportReporter -->
<testsuite hostname="DESKTOP-HIM16RN" failures="0" tests="1" name="basics.launchingBrowser" time="21.321" errors="0" timestamp="2022-09-13T10:30:58 IST" skipped="0">
  <testcase classname="basics.launchingBrowser" name="launch" time="21.321"/>
  <system-out/>
</testsuite> <!-- basics.launchingBrowser -->
